[LoggerStatus.SUCCESS] | [+] Starting assembly. Options (True, True, True, True, False) | Tue Mar 25 22:14:43 2025
[LoggerStatus.SUCCESS] | [+] Create default directories | Tue Mar 25 22:14:43 2025
[LoggerStatus.SUCCESS] | [+] Copy Dotfiles & GTK | Tue Mar 25 22:14:43 2025
[LoggerStatus.SUCCESS] | [+] Updates Enabled | Tue Mar 25 22:14:44 2025
[LoggerStatus.SUCCESS] | [+] Installed BSPWM Dependencies | Tue Mar 25 22:14:48 2025
[LoggerStatus.SUCCESS] | Installed: tumbler | Tue Mar 25 22:15:39 2025
[LoggerStatus.SUCCESS] | Installed: ffmpegthumbnailer | Tue Mar 25 22:15:48 2025
[LoggerStatus.SUCCESS] | Installed: lsd | Tue Mar 25 22:15:50 2025
[LoggerStatus.SUCCESS] | Installed: alacritty | Tue Mar 25 22:15:51 2025
[LoggerStatus.SUCCESS] | Installed: bat | Tue Mar 25 22:15:52 2025
[LoggerStatus.SUCCESS] | Installed: brightnessctl | Tue Mar 25 22:15:53 2025
[LoggerStatus.SUCCESS] | Installed: calc | Tue Mar 25 22:15:54 2025
[LoggerStatus.SUCCESS] | Installed: automake | Tue Mar 25 22:15:54 2025
[LoggerStatus.SUCCESS] | Installed: blueman | Tue Mar 25 22:15:58 2025
[LoggerStatus.SUCCESS] | Installed: bluez | Tue Mar 25 22:15:59 2025
[LoggerStatus.SUCCESS] | Installed: bluez-utils | Tue Mar 25 22:16:00 2025
[LoggerStatus.SUCCESS] | Installed: dunst | Tue Mar 25 22:16:00 2025
[LoggerStatus.SUCCESS] | Installed: fakeroot | Tue Mar 25 22:16:01 2025
[LoggerStatus.SUCCESS] | Installed: feh | Tue Mar 25 22:16:02 2025
[LoggerStatus.SUCCESS] | Installed: firefox | Tue Mar 25 22:16:10 2025
[LoggerStatus.SUCCESS] | Installed: fish | Tue Mar 25 22:16:11 2025
[LoggerStatus.SUCCESS] | Installed: dpkg | Tue Mar 25 22:16:12 2025
[LoggerStatus.SUCCESS] | Installed: gcc | Tue Mar 25 22:16:13 2025
[LoggerStatus.SUCCESS] | Installed: gedit | Tue Mar 25 22:16:14 2025
[LoggerStatus.SUCCESS] | Installed: git | Tue Mar 25 22:16:15 2025
[LoggerStatus.SUCCESS] | Installed: gnu-netcat | Tue Mar 25 22:16:16 2025
[LoggerStatus.SUCCESS] | Installed: htop | Tue Mar 25 22:16:17 2025
[LoggerStatus.SUCCESS] | Installed: btop | Tue Mar 25 22:16:18 2025
[LoggerStatus.SUCCESS] | Installed: nano | Tue Mar 25 22:16:18 2025
[LoggerStatus.SUCCESS] | Installed: lxappearance | Tue Mar 25 22:16:20 2025
[LoggerStatus.SUCCESS] | Installed: mat2 | Tue Mar 25 22:16:21 2025
[LoggerStatus.SUCCESS] | Installed: mpd | Tue Mar 25 22:16:24 2025
[LoggerStatus.SUCCESS] | Installed: mpv | Tue Mar 25 22:16:25 2025
[LoggerStatus.SUCCESS] | Installed: thunar | Tue Mar 25 22:16:26 2025
[LoggerStatus.SUCCESS] | Installed: ncmpcpp | Tue Mar 25 22:16:27 2025
[LoggerStatus.SUCCESS] | Installed: neofetch | Tue Mar 25 22:16:28 2025
[LoggerStatus.SUCCESS] | Installed: network-manager-applet | Tue Mar 25 22:16:30 2025
[LoggerStatus.SUCCESS] | Installed: nitrogen | Tue Mar 25 22:16:30 2025
[LoggerStatus.SUCCESS] | Installed: pamixer | Tue Mar 25 22:16:31 2025
[LoggerStatus.SUCCESS] | Installed: papirus-icon-theme | Tue Mar 25 22:16:33 2025
[LoggerStatus.SUCCESS] | Installed: pavucontrol | Tue Mar 25 22:16:36 2025
[LoggerStatus.SUCCESS] | Installed: polybar | Tue Mar 25 22:16:37 2025
[LoggerStatus.SUCCESS] | Installed: autoconf | Tue Mar 25 22:16:37 2025
[LoggerStatus.SUCCESS] | Installed: mpc | Tue Mar 25 22:16:38 2025
[LoggerStatus.SUCCESS] | Installed: pulseaudio | Tue Mar 25 22:16:38 2025
[LoggerStatus.SUCCESS] | Installed: pulseaudio-alsa | Tue Mar 25 22:16:39 2025
[LoggerStatus.SUCCESS] | Installed: python-pyalsa | Tue Mar 25 22:16:39 2025
[LoggerStatus.SUCCESS] | Installed: ranger | Tue Mar 25 22:16:40 2025
[LoggerStatus.SUCCESS] | Installed: redshift | Tue Mar 25 22:16:41 2025
[LoggerStatus.SUCCESS] | Installed: reflector | Tue Mar 25 22:16:42 2025
[LoggerStatus.SUCCESS] | Installed: rofi | Tue Mar 25 22:16:43 2025
[LoggerStatus.SUCCESS] | Installed: rofi-calc | Tue Mar 25 22:16:44 2025
[LoggerStatus.SUCCESS] | Installed: calcurse | Tue Mar 25 22:16:45 2025
[LoggerStatus.SUCCESS] | Installed: rofi-emoji | Tue Mar 25 22:16:45 2025
[LoggerStatus.SUCCESS] | Installed: scrot | Tue Mar 25 22:16:46 2025
[LoggerStatus.SUCCESS] | Installed: sudo | Tue Mar 25 22:16:47 2025
[LoggerStatus.SUCCESS] | Installed: slop | Tue Mar 25 22:16:47 2025
[LoggerStatus.SUCCESS] | Installed: tree | Tue Mar 25 22:16:48 2025
[LoggerStatus.SUCCESS] | Installed: unrar | Tue Mar 25 22:16:48 2025
[LoggerStatus.SUCCESS] | Installed: zip | Tue Mar 25 22:16:49 2025
[LoggerStatus.SUCCESS] | Installed: unzip | Tue Mar 25 22:16:49 2025
[LoggerStatus.SUCCESS] | Installed: uthash | Tue Mar 25 22:16:50 2025
[LoggerStatus.SUCCESS] | Installed: xarchiver | Tue Mar 25 22:16:51 2025
[LoggerStatus.SUCCESS] | Installed: xfce4-power-manager | Tue Mar 25 22:16:53 2025
[LoggerStatus.SUCCESS] | Installed: xfce4-settings | Tue Mar 25 22:16:56 2025
[LoggerStatus.SUCCESS] | Installed: xorg-xbacklight | Tue Mar 25 22:16:57 2025
[LoggerStatus.SUCCESS] | Installed: zathura | Tue Mar 25 22:16:58 2025
[LoggerStatus.SUCCESS] | Installed: zathura-djvu | Tue Mar 25 22:16:58 2025
[LoggerStatus.SUCCESS] | Installed: zathura-pdf-mupdf | Tue Mar 25 22:17:03 2025
[LoggerStatus.SUCCESS] | Installed: cmake | Tue Mar 25 22:17:05 2025
[LoggerStatus.SUCCESS] | Installed: clang | Tue Mar 25 22:17:10 2025
[LoggerStatus.SUCCESS] | Installed: gzip | Tue Mar 25 22:17:10 2025
[LoggerStatus.SUCCESS] | Installed: imagemagick | Tue Mar 25 22:17:11 2025
[LoggerStatus.SUCCESS] | Installed: make | Tue Mar 25 22:17:12 2025
[LoggerStatus.SUCCESS] | Installed: openssh | Tue Mar 25 22:17:12 2025
[LoggerStatus.SUCCESS] | Installed: pulseaudio-bluetooth | Tue Mar 25 22:17:12 2025
[LoggerStatus.SUCCESS] | Installed: shellcheck | Tue Mar 25 22:17:15 2025
[LoggerStatus.SUCCESS] | Installed: vlc | Tue Mar 25 22:17:19 2025
[LoggerStatus.SUCCESS] | Installed: usbutils | Tue Mar 25 22:17:19 2025
[LoggerStatus.SUCCESS] | Installed: picom | Tue Mar 25 22:17:20 2025
[LoggerStatus.SUCCESS] | Installed: networkmanager-openvpn | Tue Mar 25 22:17:21 2025
[LoggerStatus.SUCCESS] | Installed: alsa-plugins | Tue Mar 25 22:17:21 2025
[LoggerStatus.SUCCESS] | Installed: alsa-tools | Tue Mar 25 22:17:22 2025
[LoggerStatus.SUCCESS] | Installed: alsa-utils | Tue Mar 25 22:17:23 2025
[LoggerStatus.SUCCESS] | Installed: ffmpeg | Tue Mar 25 22:17:24 2025
[LoggerStatus.SUCCESS] | Installed: p7zip | Tue Mar 25 22:17:25 2025
[LoggerStatus.SUCCESS] | Installed: gparted | Tue Mar 25 22:17:38 2025
[LoggerStatus.SUCCESS] | Installed: sshfs | Tue Mar 25 22:17:46 2025
[LoggerStatus.SUCCESS] | Installed: openvpn | Tue Mar 25 22:17:48 2025
[LoggerStatus.SUCCESS] | Installed: xclip | Tue Mar 25 22:17:48 2025
[LoggerStatus.SUCCESS] | Installed: gpick | Tue Mar 25 22:17:49 2025
[LoggerStatus.SUCCESS] | Installed: wget | Tue Mar 25 22:17:50 2025
[LoggerStatus.SUCCESS] | Installed: ueberzug | Tue Mar 25 22:18:02 2025
[LoggerStatus.SUCCESS] | Installed: netctl | Tue Mar 25 22:18:14 2025
[LoggerStatus.SUCCESS] | Installed: light | Tue Mar 25 22:18:14 2025
[LoggerStatus.SUCCESS] | Installed: libreoffice | Tue Mar 25 22:18:52 2025
[LoggerStatus.SUCCESS] | Installed: breeze | Tue Mar 25 22:19:26 2025
[LoggerStatus.SUCCESS] | Installed: vulkan-intel | Tue Mar 25 22:19:29 2025
[LoggerStatus.SUCCESS] | Installed: intel-ucode | Tue Mar 25 22:20:16 2025
[LoggerStatus.SUCCESS] | Installed: ttf-jetbrains-mono | Tue Mar 25 22:20:18 2025
[LoggerStatus.SUCCESS] | Installed: ttf-jetbrains-mono-nerd | Tue Mar 25 22:20:20 2025
[LoggerStatus.SUCCESS] | Installed: ttf-fira-code | Tue Mar 25 22:20:21 2025
[LoggerStatus.SUCCESS] | Installed: ttf-iosevka-nerd | Tue Mar 25 22:20:29 2025
[LoggerStatus.SUCCESS] | Installed: cava | Tue Mar 25 22:20:51 2025
[LoggerStatus.SUCCESS] | Installed: i3lock-color | Tue Mar 25 22:21:14 2025
[LoggerStatus.SUCCESS] | Installed: ptpython | Tue Mar 25 22:21:33 2025
[LoggerStatus.SUCCESS] | [+] Firefox styles installed | Tue Mar 25 22:21:43 2025
[LoggerStatus.SUCCESS] | [+] Installed Dev Dependencies | Tue Mar 25 22:21:43 2025
[LoggerStatus.SUCCESS] | Installed: cheese | Tue Mar 25 22:21:47 2025
[LoggerStatus.SUCCESS] | Installed: screenkey | Tue Mar 25 22:21:48 2025
[LoggerStatus.SUCCESS] | Installed: timeshift | Tue Mar 25 22:21:49 2025
[LoggerStatus.SUCCESS] | Installed: pinta | Tue Mar 25 22:21:53 2025
[LoggerStatus.SUCCESS] | Installed: kdenlive | Tue Mar 25 22:22:03 2025
[LoggerStatus.SUCCESS] | Installed: wireshark-qt | Tue Mar 25 22:22:06 2025
[LoggerStatus.SUCCESS] | Installed: filezilla | Tue Mar 25 22:22:07 2025
[LoggerStatus.SUCCESS] | Installed: ghex | Tue Mar 25 22:22:08 2025
[LoggerStatus.SUCCESS] | Installed: chromium | Tue Mar 25 22:22:19 2025
[LoggerStatus.SUCCESS] | Installed: keepassxc | Tue Mar 25 22:22:21 2025
[LoggerStatus.SUCCESS] | Installed: audacity | Tue Mar 25 22:22:35 2025
[LoggerStatus.SUCCESS] | Installed: gufw | Tue Mar 25 22:22:40 2025
[LoggerStatus.SUCCESS] | Installed: python-pywal | Tue Mar 25 22:22:41 2025
[LoggerStatus.SUCCESS] | Installed: bleachbit | Tue Mar 25 22:22:41 2025
[LoggerStatus.SUCCESS] | Installed: veracrypt | Tue Mar 25 22:22:42 2025
[LoggerStatus.SUCCESS] | Installed: homebank | Tue Mar 25 22:22:56 2025
[LoggerStatus.SUCCESS] | Installed: gtkhash | Tue Mar 25 22:22:57 2025
[LoggerStatus.SUCCESS] | Installed: gnome-firmware | Tue Mar 25 22:23:11 2025
[LoggerStatus.SUCCESS] | Installed: touche | Tue Mar 25 22:23:12 2025
[LoggerStatus.SUCCESS] | Installed: dconf-editor | Tue Mar 25 22:23:14 2025
[LoggerStatus.SUCCESS] | Installed: neovim | Tue Mar 25 22:23:16 2025
[LoggerStatus.SUCCESS] | Installed: obs-studio | Tue Mar 25 22:23:17 2025
[LoggerStatus.SUCCESS] | Installed: telegram-desktop | Tue Mar 25 22:23:21 2025
[LoggerStatus.SUCCESS] | Installed: tmux | Tue Mar 25 22:23:22 2025
[LoggerStatus.SUCCESS] | Installed: youtube-dl | Tue Mar 25 22:23:22 2025
[LoggerStatus.SUCCESS] | Installed: code | Tue Mar 25 22:23:33 2025
[LoggerStatus.SUCCESS] | Installed: cowsay | Tue Mar 25 22:23:33 2025
[LoggerStatus.SUCCESS] | Installed: deluge-gtk | Tue Mar 25 22:23:38 2025
[LoggerStatus.SUCCESS] | Installed: flameshot | Tue Mar 25 22:23:40 2025
[LoggerStatus.SUCCESS] | Installed: sqlitebrowser | Tue Mar 25 22:23:42 2025
[LoggerStatus.SUCCESS] | Installed: obsidian | Tue Mar 25 22:23:44 2025
[LoggerStatus.SUCCESS] | Installed: python-pip | Tue Mar 25 22:23:45 2025
[LoggerStatus.SUCCESS] | Installed: bpython | Tue Mar 25 22:23:46 2025
[LoggerStatus.SUCCESS] | Installed: ipython | Tue Mar 25 22:23:47 2025
[LoggerStatus.SUCCESS] | Installed: cloc | Tue Mar 25 22:23:47 2025
[LoggerStatus.SUCCESS] | Installed: evince | Tue Mar 25 22:23:52 2025
[LoggerStatus.SUCCESS] | Installed: gnome-calculator | Tue Mar 25 22:23:53 2025
[LoggerStatus.SUCCESS] | Installed: gnome-disk-utility | Tue Mar 25 22:23:55 2025
[LoggerStatus.SUCCESS] | Installed: gucharmap | Tue Mar 25 22:23:56 2025
[LoggerStatus.SUCCESS] | Installed: gthumb | Tue Mar 25 22:23:57 2025
[LoggerStatus.SUCCESS] | Installed: gnome-clocks | Tue Mar 25 22:23:59 2025
[LoggerStatus.SUCCESS] | [+] Starting assembly. Options (True, True, True, True, False) | Tue Mar 25 22:47:49 2025
[LoggerStatus.SUCCESS] | [+] Create default directories | Tue Mar 25 22:47:49 2025
[LoggerStatus.SUCCESS] | [+] Copy Dotfiles & GTK | Tue Mar 25 22:47:49 2025
[LoggerStatus.SUCCESS] | [+] Updates Enabled | Tue Mar 25 22:47:51 2025
[LoggerStatus.SUCCESS] | [+] Installed BSPWM Dependencies | Tue Mar 25 22:47:55 2025
[LoggerStatus.SUCCESS] | Installed: tumbler | Tue Mar 25 22:50:15 2025
[LoggerStatus.SUCCESS] | Installed: ffmpegthumbnailer | Tue Mar 25 22:50:16 2025
[LoggerStatus.SUCCESS] | Installed: lsd | Tue Mar 25 22:50:16 2025
[LoggerStatus.SUCCESS] | Installed: alacritty | Tue Mar 25 22:50:17 2025
[LoggerStatus.SUCCESS] | Installed: bat | Tue Mar 25 22:50:18 2025
[LoggerStatus.SUCCESS] | Installed: brightnessctl | Tue Mar 25 22:50:18 2025
[LoggerStatus.SUCCESS] | Installed: calc | Tue Mar 25 22:50:18 2025
[LoggerStatus.SUCCESS] | Installed: automake | Tue Mar 25 22:50:19 2025
[LoggerStatus.SUCCESS] | Installed: blueman | Tue Mar 25 22:50:20 2025
[LoggerStatus.SUCCESS] | Installed: bluez | Tue Mar 25 22:50:21 2025
[LoggerStatus.SUCCESS] | Installed: bluez-utils | Tue Mar 25 22:50:21 2025
[LoggerStatus.SUCCESS] | Installed: dunst | Tue Mar 25 22:50:22 2025
[LoggerStatus.SUCCESS] | Installed: fakeroot | Tue Mar 25 22:50:22 2025
[LoggerStatus.SUCCESS] | Installed: feh | Tue Mar 25 22:50:22 2025
[LoggerStatus.SUCCESS] | Installed: firefox | Tue Mar 25 22:50:23 2025
[LoggerStatus.SUCCESS] | Installed: fish | Tue Mar 25 22:50:25 2025
[LoggerStatus.SUCCESS] | Installed: dpkg | Tue Mar 25 22:50:25 2025
[LoggerStatus.SUCCESS] | Installed: gcc | Tue Mar 25 22:50:26 2025
[LoggerStatus.SUCCESS] | Installed: gedit | Tue Mar 25 22:50:27 2025
[LoggerStatus.SUCCESS] | Installed: git | Tue Mar 25 22:50:28 2025
[LoggerStatus.SUCCESS] | Installed: gnu-netcat | Tue Mar 25 22:50:28 2025
[LoggerStatus.SUCCESS] | Installed: htop | Tue Mar 25 22:50:29 2025
[LoggerStatus.SUCCESS] | Installed: btop | Tue Mar 25 22:50:29 2025
[LoggerStatus.SUCCESS] | Installed: nano | Tue Mar 25 22:50:29 2025
[LoggerStatus.SUCCESS] | Installed: lxappearance | Tue Mar 25 22:50:30 2025
[LoggerStatus.SUCCESS] | Installed: mat2 | Tue Mar 25 22:50:30 2025
[LoggerStatus.SUCCESS] | Installed: mpd | Tue Mar 25 22:50:31 2025
[LoggerStatus.SUCCESS] | Installed: mpv | Tue Mar 25 22:50:32 2025
[LoggerStatus.SUCCESS] | Installed: thunar | Tue Mar 25 22:50:33 2025
[LoggerStatus.SUCCESS] | Installed: ncmpcpp | Tue Mar 25 22:50:33 2025
[LoggerStatus.SUCCESS] | Installed: neofetch | Tue Mar 25 22:50:34 2025
[LoggerStatus.SUCCESS] | Installed: network-manager-applet | Tue Mar 25 22:50:34 2025
[LoggerStatus.SUCCESS] | Installed: nitrogen | Tue Mar 25 22:50:36 2025
[LoggerStatus.SUCCESS] | Installed: pamixer | Tue Mar 25 22:50:36 2025
[LoggerStatus.SUCCESS] | Installed: papirus-icon-theme | Tue Mar 25 22:50:45 2025
[LoggerStatus.SUCCESS] | Installed: pavucontrol | Tue Mar 25 22:50:46 2025
[LoggerStatus.SUCCESS] | Installed: polybar | Tue Mar 25 22:50:46 2025
[LoggerStatus.SUCCESS] | Installed: autoconf | Tue Mar 25 22:50:46 2025
[LoggerStatus.SUCCESS] | Installed: mpc | Tue Mar 25 22:50:47 2025
[LoggerStatus.SUCCESS] | Installed: pulseaudio | Tue Mar 25 22:50:47 2025
[LoggerStatus.SUCCESS] | Installed: pulseaudio-alsa | Tue Mar 25 22:50:47 2025
[LoggerStatus.SUCCESS] | Installed: python-pyalsa | Tue Mar 25 22:50:48 2025
[LoggerStatus.SUCCESS] | Installed: ranger | Tue Mar 25 22:50:49 2025
[LoggerStatus.SUCCESS] | Installed: redshift | Tue Mar 25 22:50:50 2025
[LoggerStatus.SUCCESS] | Installed: reflector | Tue Mar 25 22:50:50 2025
[LoggerStatus.SUCCESS] | Installed: rofi | Tue Mar 25 22:50:51 2025
[LoggerStatus.SUCCESS] | Installed: rofi-calc | Tue Mar 25 22:50:51 2025
[LoggerStatus.SUCCESS] | Installed: calcurse | Tue Mar 25 22:50:52 2025
[LoggerStatus.SUCCESS] | Installed: rofi-emoji | Tue Mar 25 22:50:52 2025
[LoggerStatus.SUCCESS] | Installed: scrot | Tue Mar 25 22:50:53 2025
[LoggerStatus.SUCCESS] | Installed: sudo | Tue Mar 25 22:50:53 2025
[LoggerStatus.SUCCESS] | Installed: slop | Tue Mar 25 22:50:54 2025
[LoggerStatus.SUCCESS] | Installed: tree | Tue Mar 25 22:50:54 2025
[LoggerStatus.SUCCESS] | Installed: unrar | Tue Mar 25 22:50:54 2025
[LoggerStatus.SUCCESS] | Installed: zip | Tue Mar 25 22:50:55 2025
[LoggerStatus.SUCCESS] | Installed: unzip | Tue Mar 25 22:50:55 2025
[LoggerStatus.SUCCESS] | Installed: uthash | Tue Mar 25 22:50:56 2025
[LoggerStatus.SUCCESS] | Installed: xarchiver | Tue Mar 25 22:50:56 2025
[LoggerStatus.SUCCESS] | Installed: xfce4-power-manager | Tue Mar 25 22:50:57 2025
[LoggerStatus.SUCCESS] | Installed: xfce4-settings | Tue Mar 25 22:50:57 2025
[LoggerStatus.SUCCESS] | Installed: xorg-xbacklight | Tue Mar 25 22:50:58 2025
[LoggerStatus.SUCCESS] | Installed: zathura | Tue Mar 25 22:50:59 2025
[LoggerStatus.SUCCESS] | Installed: zathura-djvu | Tue Mar 25 22:51:00 2025
[LoggerStatus.SUCCESS] | Installed: zathura-pdf-mupdf | Tue Mar 25 22:51:00 2025
[LoggerStatus.SUCCESS] | Installed: cmake | Tue Mar 25 22:51:02 2025
[LoggerStatus.SUCCESS] | Installed: clang | Tue Mar 25 22:51:03 2025
[LoggerStatus.SUCCESS] | Installed: gzip | Tue Mar 25 22:51:03 2025
[LoggerStatus.SUCCESS] | Installed: imagemagick | Tue Mar 25 22:51:04 2025
[LoggerStatus.SUCCESS] | Installed: make | Tue Mar 25 22:51:04 2025
[LoggerStatus.SUCCESS] | Installed: openssh | Tue Mar 25 22:51:05 2025
[LoggerStatus.SUCCESS] | Installed: pulseaudio-bluetooth | Tue Mar 25 22:51:05 2025
[LoggerStatus.SUCCESS] | Installed: shellcheck | Tue Mar 25 22:51:12 2025
[LoggerStatus.SUCCESS] | Installed: vlc | Tue Mar 25 22:51:16 2025
[LoggerStatus.SUCCESS] | Installed: usbutils | Tue Mar 25 22:51:16 2025
[LoggerStatus.SUCCESS] | Installed: picom | Tue Mar 25 22:51:17 2025
[LoggerStatus.SUCCESS] | Installed: networkmanager-openvpn | Tue Mar 25 22:51:17 2025
[LoggerStatus.SUCCESS] | Installed: alsa-plugins | Tue Mar 25 22:51:18 2025
[LoggerStatus.SUCCESS] | Installed: alsa-tools | Tue Mar 25 22:51:18 2025
[LoggerStatus.SUCCESS] | Installed: alsa-utils | Tue Mar 25 22:51:19 2025
[LoggerStatus.SUCCESS] | Installed: ffmpeg | Tue Mar 25 22:51:20 2025
[LoggerStatus.SUCCESS] | Installed: p7zip | Tue Mar 25 22:51:20 2025
[LoggerStatus.SUCCESS] | Installed: gparted | Tue Mar 25 22:51:21 2025
[LoggerStatus.SUCCESS] | Installed: sshfs | Tue Mar 25 22:51:22 2025
[LoggerStatus.SUCCESS] | Installed: openvpn | Tue Mar 25 22:51:22 2025
[LoggerStatus.SUCCESS] | Installed: xclip | Tue Mar 25 22:51:23 2025
[LoggerStatus.SUCCESS] | Installed: gpick | Tue Mar 25 22:51:24 2025
[LoggerStatus.SUCCESS] | Installed: wget | Tue Mar 25 22:51:25 2025
[LoggerStatus.SUCCESS] | Installed: ueberzug | Tue Mar 25 22:51:25 2025
[LoggerStatus.SUCCESS] | Installed: netctl | Tue Mar 25 22:51:26 2025
[LoggerStatus.SUCCESS] | Installed: light | Tue Mar 25 22:51:26 2025
[LoggerStatus.SUCCESS] | Installed: libreoffice | Tue Mar 25 22:51:29 2025
[LoggerStatus.SUCCESS] | Installed: breeze | Tue Mar 25 22:51:30 2025
[LoggerStatus.SUCCESS] | Installed: vulkan-intel | Tue Mar 25 22:51:30 2025
[LoggerStatus.SUCCESS] | Installed: intel-ucode | Tue Mar 25 22:52:14 2025
[LoggerStatus.SUCCESS] | Installed: ttf-jetbrains-mono | Tue Mar 25 22:52:15 2025
[LoggerStatus.SUCCESS] | Installed: ttf-jetbrains-mono-nerd | Tue Mar 25 22:52:16 2025
[LoggerStatus.SUCCESS] | Installed: ttf-fira-code | Tue Mar 25 22:52:16 2025
[LoggerStatus.SUCCESS] | Installed: ttf-iosevka-nerd | Tue Mar 25 22:52:19 2025
[LoggerStatus.SUCCESS] | Installed: cava | Tue Mar 25 22:52:20 2025
[LoggerStatus.SUCCESS] | Installed: i3lock-color | Tue Mar 25 22:52:26 2025
[LoggerStatus.SUCCESS] | Installed: ptpython | Tue Mar 25 22:52:33 2025
[LoggerStatus.SUCCESS] | [+] Firefox styles installed | Tue Mar 25 22:52:43 2025
[LoggerStatus.SUCCESS] | [+] Installed Dev Dependencies | Tue Mar 25 22:52:43 2025
[LoggerStatus.SUCCESS] | Installed: cheese | Tue Mar 25 22:52:46 2025
[LoggerStatus.SUCCESS] | Installed: screenkey | Tue Mar 25 22:52:47 2025
[LoggerStatus.SUCCESS] | Installed: timeshift | Tue Mar 25 22:52:48 2025
[LoggerStatus.SUCCESS] | Installed: pinta | Tue Mar 25 22:52:49 2025
[LoggerStatus.SUCCESS] | Installed: kdenlive | Tue Mar 25 22:52:51 2025
[LoggerStatus.SUCCESS] | Installed: wireshark-qt | Tue Mar 25 22:52:53 2025
[LoggerStatus.SUCCESS] | Installed: filezilla | Tue Mar 25 22:52:54 2025
[LoggerStatus.SUCCESS] | Installed: ghex | Tue Mar 25 22:52:58 2025
[LoggerStatus.SUCCESS] | Installed: chromium | Tue Mar 25 22:53:00 2025
[LoggerStatus.SUCCESS] | Installed: keepassxc | Tue Mar 25 22:53:04 2025
[LoggerStatus.SUCCESS] | Installed: audacity | Tue Mar 25 22:53:06 2025
[LoggerStatus.SUCCESS] | Installed: gufw | Tue Mar 25 22:53:06 2025
[LoggerStatus.SUCCESS] | Installed: python-pywal | Tue Mar 25 22:53:07 2025
[LoggerStatus.SUCCESS] | Installed: bleachbit | Tue Mar 25 22:53:08 2025
[LoggerStatus.SUCCESS] | Installed: veracrypt | Tue Mar 25 22:53:08 2025
[LoggerStatus.SUCCESS] | Installed: homebank | Tue Mar 25 22:53:09 2025
[LoggerStatus.SUCCESS] | Installed: gtkhash | Tue Mar 25 22:53:09 2025
[LoggerStatus.SUCCESS] | Installed: gnome-firmware | Tue Mar 25 22:53:10 2025
[LoggerStatus.SUCCESS] | Installed: touche | Tue Mar 25 22:53:10 2025
[LoggerStatus.SUCCESS] | Installed: dconf-editor | Tue Mar 25 22:53:11 2025
[LoggerStatus.SUCCESS] | Installed: neovim | Tue Mar 25 22:53:13 2025
[LoggerStatus.SUCCESS] | Installed: obs-studio | Tue Mar 25 22:53:14 2025
[LoggerStatus.SUCCESS] | Installed: telegram-desktop | Tue Mar 25 22:53:15 2025
[LoggerStatus.SUCCESS] | Installed: tmux | Tue Mar 25 22:53:16 2025
[LoggerStatus.SUCCESS] | Installed: youtube-dl | Tue Mar 25 22:53:17 2025
[LoggerStatus.SUCCESS] | Installed: code | Tue Mar 25 22:53:17 2025
[LoggerStatus.SUCCESS] | Installed: cowsay | Tue Mar 25 22:53:18 2025
[LoggerStatus.SUCCESS] | Installed: deluge-gtk | Tue Mar 25 22:53:22 2025
[LoggerStatus.SUCCESS] | Installed: flameshot | Tue Mar 25 22:53:23 2025
[LoggerStatus.SUCCESS] | Installed: sqlitebrowser | Tue Mar 25 22:53:23 2025
[LoggerStatus.SUCCESS] | Installed: obsidian | Tue Mar 25 22:53:24 2025
[LoggerStatus.SUCCESS] | Installed: python-pip | Tue Mar 25 22:53:24 2025
[LoggerStatus.SUCCESS] | Installed: bpython | Tue Mar 25 22:53:25 2025
[LoggerStatus.SUCCESS] | Installed: ipython | Tue Mar 25 22:53:27 2025
[LoggerStatus.SUCCESS] | Installed: cloc | Tue Mar 25 22:53:28 2025
[LoggerStatus.SUCCESS] | Installed: evince | Tue Mar 25 22:53:29 2025
[LoggerStatus.SUCCESS] | Installed: gnome-calculator | Tue Mar 25 22:53:30 2025
[LoggerStatus.SUCCESS] | Installed: gnome-disk-utility | Tue Mar 25 22:53:31 2025
[LoggerStatus.SUCCESS] | Installed: gucharmap | Tue Mar 25 22:53:31 2025
[LoggerStatus.SUCCESS] | Installed: gthumb | Tue Mar 25 22:53:33 2025
[LoggerStatus.SUCCESS] | Installed: gnome-clocks | Tue Mar 25 22:53:34 2025
